0 info it worked if it ends with ok
1 verbose cli [ 'node', '/usr/local/bin/npm', 'install', '--save', 'node_redis' ]
2 info using npm@1.4.28
3 info using node@v0.10.32
4 warn package.json ebexample@1.0.0 No repository field.
5 verbose readDependencies using package.json deps
6 verbose cache add [ 'node_redis', null ]
7 verbose cache add name=undefined spec="node_redis" args=["node_redis",null]
8 verbose parsed url { protocol: null,
8 verbose parsed url   slashes: null,
8 verbose parsed url   auth: null,
8 verbose parsed url   host: null,
8 verbose parsed url   port: null,
8 verbose parsed url   hostname: null,
8 verbose parsed url   hash: null,
8 verbose parsed url   search: null,
8 verbose parsed url   query: null,
8 verbose parsed url   pathname: 'node_redis',
8 verbose parsed url   path: 'node_redis',
8 verbose parsed url   href: 'node_redis' }
9 silly lockFile f4a38139-node-redis node_redis
10 verbose lock node_redis /Users/spersinger/.npm/f4a38139-node-redis.lock
11 silly lockFile f4a38139-node-redis node_redis
12 silly lockFile f4a38139-node-redis node_redis
13 verbose addNamed [ 'node_redis', '' ]
14 verbose addNamed [ null, '*' ]
15 silly lockFile f3744735-node-redis node_redis@
16 verbose lock node_redis@ /Users/spersinger/.npm/f3744735-node-redis.lock
17 silly addNameRange { name: 'node_redis', range: '*', hasData: false }
18 verbose request where is /node_redis
19 verbose request registry https://registry.npmjs.org/
20 verbose request id d57425ad4a5dcccf
21 verbose url raw /node_redis
22 verbose url resolving [ 'https://registry.npmjs.org/', './node_redis' ]
23 verbose url resolved https://registry.npmjs.org/node_redis
24 verbose request where is https://registry.npmjs.org/node_redis
25 info trying registry request attempt 1 at 16:25:00
26 http GET https://registry.npmjs.org/node_redis
27 http 404 https://registry.npmjs.org/node_redis
28 silly registry.get cb [ 404,
28 silly registry.get   { 'content-type': 'application/json',
28 silly registry.get     'cache-control': 'max-age=0',
28 silly registry.get     'content-length': '2',
28 silly registry.get     'accept-ranges': 'bytes',
28 silly registry.get     date: 'Wed, 02 Mar 2016 00:24:57 GMT',
28 silly registry.get     via: '1.1 varnish',
28 silly registry.get     age: '0',
28 silly registry.get     connection: 'keep-alive',
28 silly registry.get     'x-served-by': 'cache-sjc3135-SJC',
28 silly registry.get     'x-cache': 'MISS',
28 silly registry.get     'x-cache-hits': '0',
28 silly registry.get     'x-timer': 'S1456878297.667686,VS0,VE104' } ]
29 silly lockFile f3744735-node-redis node_redis@
30 silly lockFile f3744735-node-redis node_redis@
31 error 404 Not Found
31 error 404
31 error 404 'node_redis' is not in the npm registry.
31 error 404 You should bug the author to publish it
31 error 404 It was specified as a dependency of 'ebexample'
31 error 404
31 error 404 Note that you can also install from a
31 error 404 tarball, folder, or http url, or git url.
32 error System Darwin 14.5.0
33 error command "node" "/usr/local/bin/npm" "install" "--save" "node_redis"
34 error cwd /Users/spersinger/github/eb-runrate
35 error node -v v0.10.32
36 error npm -v 1.4.28
37 error code E404
38 verbose exit [ 1, true ]
